Started on 13 avr. 2026, 14:57:37
Started by event from 140.82.115.32 ⇒ https://e58e-2a0d-e487-38f-7f97-f816-7c45-cdb7-624d.ngrok-free.app:9090/github-webhook/ on lun. avr. 13 14:57:37 CEST 2026
Using strategy: Default
[poll] Last Built Revision: Revision c798ba6186d2bf5a5bad32f5391780042670d97e (refs/remotes/origin/main)
Selected Git installation does not exist. Using Default
The recommended git tool is: NONE
No credentials specified
 > git --version # timeout=10
 > git --version # 'git version 2.43.0'
 > git ls-remote -h -- https://github.com/Ask1ng-git/tp-jenkins.git # timeout=10
Found 1 remote heads on https://github.com/Ask1ng-git/tp-jenkins.git
[poll] Latest remote head revision on refs/heads/main is: c25c48c1ef02fe58e7c40ed8ddcb55c08eb5b111
Using strategy: Default
[poll] Last Built Revision: Revision c798ba6186d2bf5a5bad32f5391780042670d97e (refs/remotes/origin/main)
Selected Git installation does not exist. Using Default
The recommended git tool is: NONE
No credentials specified
 > git --version # timeout=10
 > git --version # 'git version 2.43.0'
 > git ls-remote -h -- https://github.com/Ask1ng-git/tp-jenkins.git # timeout=10
Found 1 remote heads on https://github.com/Ask1ng-git/tp-jenkins.git
[poll] Latest remote head revision on refs/heads/main is: c25c48c1ef02fe58e7c40ed8ddcb55c08eb5b111
Done. Took 1 s
Changes found
