Started on 13 avr. 2026, 15:22:48
Started by event from 140.82.115.159 ⇒ https://e58e-2a0d-e487-38f-7f97-f816-7c45-cdb7-624d.ngrok-free.app:9090/github-webhook/ on lun. avr. 13 15:22:48 CEST 2026
Using strategy: Default
[poll] Last Built Revision: Revision c25c48c1ef02fe58e7c40ed8ddcb55c08eb5b111 (refs/remotes/origin/main)
Selected Git installation does not exist. Using Default
The recommended git tool is: NONE
No credentials specified
 > git --version # timeout=10
 > git --version # 'git version 2.43.0'
 > git ls-remote -h -- https://github.com/Ask1ng-git/tp-jenkins.git # timeout=10
Found 1 remote heads on https://github.com/Ask1ng-git/tp-jenkins.git
[poll] Latest remote head revision on refs/heads/main is: 17db7f50b6c5e6f9570e9c57b06f79e9cc3a63e1
Using strategy: Default
[poll] Last Built Revision: Revision c25c48c1ef02fe58e7c40ed8ddcb55c08eb5b111 (refs/remotes/origin/main)
Selected Git installation does not exist. Using Default
The recommended git tool is: NONE
No credentials specified
 > git --version # timeout=10
 > git --version # 'git version 2.43.0'
 > git ls-remote -h -- https://github.com/Ask1ng-git/tp-jenkins.git # timeout=10
Found 1 remote heads on https://github.com/Ask1ng-git/tp-jenkins.git
[poll] Latest remote head revision on refs/heads/main is: 17db7f50b6c5e6f9570e9c57b06f79e9cc3a63e1
Done. Took 1,1 s
Changes found
